c:\users\marco\desktop\dbo portugal tw\shared\util\debug\util.pch
c:\users\marco\desktop\dbo portugal tw\shared\util\debug\vc120.pdb
c:\users\marco\desktop\dbo portugal tw\shared\util\debug\vc120.idb
c:\users\marco\desktop\dbo portugal tw\shared\util\debug\stdafx.obj
c:\users\marco\desktop\dbo portugal tw\shared\util\debug\clogmessagemanager_globallog.obj
c:\users\marco\desktop\dbo portugal tw\shared\util\debug\clogmessagemanager_globaltrace.obj
c:\users\marco\desktop\dbo portugal tw\shared\util\debug\packettrace.obj
c:\users\marco\desktop\dbo portugal tw\shared\util\debug\aescipher.obj
c:\users\marco\desktop\dbo portugal tw\shared\util\debug\blowfish.obj
c:\users\marco\desktop\dbo portugal tw\shared\util\debug\cdes.obj
c:\users\marco\desktop\dbo portugal tw\shared\util\debug\cipher.obj
c:\users\marco\desktop\dbo portugal tw\shared\util\debug\cryptrsa.obj
c:\users\marco\desktop\dbo portugal tw\shared\util\debug\md5.obj
c:\users\marco\desktop\dbo portugal tw\shared\util\debug\ntlcipher.obj
c:\users\marco\desktop\dbo portugal tw\shared\util\debug\tripledes.obj
c:\users\marco\desktop\dbo portugal tw\shared\util\debug\twofishcipher.obj
c:\users\marco\desktop\dbo portugal tw\shared\util\debug\ntlnavidata.obj
c:\users\marco\desktop\dbo portugal tw\shared\util\debug\ntlnavidatamng.obj
c:\users\marco\desktop\dbo portugal tw\shared\util\debug\ntlbitflagmanager.obj
c:\users\marco\desktop\dbo portugal tw\shared\util\debug\ntlfileserializer.obj
c:\users\marco\desktop\dbo portugal tw\shared\util\debug\ntlhex.obj
c:\users\marco\desktop\dbo portugal tw\shared\util\debug\ntlserializer.obj
c:\users\marco\desktop\dbo portugal tw\shared\util\debug\ntlstringhandler.obj
c:\users\marco\desktop\dbo portugal tw\shared\util\debug\ntltokenizer.obj
c:\users\marco\desktop\dbo portugal tw\shared\util\debug\cfixedstringlista.obj
c:\users\marco\desktop\dbo portugal tw\shared\util\debug\cfixedstringlistw.obj
c:\users\marco\desktop\dbo portugal tw\shared\util\debug\cfixedstringa.obj
c:\users\marco\desktop\dbo portugal tw\shared\util\debug\cfixedstringa_format.obj
c:\users\marco\desktop\dbo portugal tw\shared\util\debug\cfixedstringw.obj
c:\users\marco\desktop\dbo portugal tw\shared\util\debug\cfixedstringw_format.obj
c:\users\marco\desktop\dbo portugal tw\shared\util\debug\cbasequeue.obj
c:\users\marco\desktop\dbo portugal tw\shared\util\debug\clogmessagemanager.obj
c:\users\marco\desktop\dbo portugal tw\shared\util\debug\clogmessagemanager_format.obj
c:\users\marco\desktop\dbo portugal tw\shared\util\debug\clogmessagemanager_globalerror.obj
c:\users\marco\desktop\dbo portugal tw\debug\util.lib
c:\users\marco\desktop\dbo portugal tw\shared\util\debug\util.tlog\cl.command.1.tlog
c:\users\marco\desktop\dbo portugal tw\shared\util\debug\util.tlog\cl.read.1.tlog
c:\users\marco\desktop\dbo portugal tw\shared\util\debug\util.tlog\cl.write.1.tlog
c:\users\marco\desktop\dbo portugal tw\shared\util\debug\util.tlog\lib-link.read.1.tlog
c:\users\marco\desktop\dbo portugal tw\shared\util\debug\util.tlog\lib-link.write.1.tlog
c:\users\marco\desktop\dbo portugal tw\shared\util\debug\util.tlog\lib.command.1.tlog
